<?xml version="1.0" encoding="UTF-8"?>
<!-- Generated by org.testng.reporters.JUnitXMLReporter -->
<testsuite ignored="0" hostname="DESKTOP-81HAE9R" failures="0" tests="15" name="Default test" time="50.974" errors="0" timestamp="17 Oct 2021 02:35:41 GMT">
  <testcase classname="com.Ecommerce.Option2.CheckOutFunctionality" name="openAppilication" time="5.184"/>
  <testcase classname="com.Ecommerce.Option2.CheckOutFunctionality" name="EnterUsername" time="0.087"/>
  <testcase classname="com.Ecommerce.Option2.CheckOutFunctionality" name="EnterPassword" time="5.077"/>
  <testcase classname="com.Ecommerce.Option2.CheckOutFunctionality" name="clickLogin" time="5.136"/>
  <testcase classname="com.Ecommerce.Option2.CheckOutFunctionality" name="AddTshirttoCart" time="7.07"/>
  <testcase classname="com.Ecommerce.Option2.CheckOutFunctionality" name="AddBackpacktoCart" time="5.055"/>
  <testcase classname="com.Ecommerce.Option2.CheckOutFunctionality" name="GotoCart" time="7.094"/>
  <testcase classname="com.Ecommerce.Option2.CheckOutFunctionality" name="CartItemsVerification" time="0.018"/>
  <testcase classname="com.Ecommerce.Option2.CheckOutFunctionality" name="checkOut" time="2.062"/>
  <testcase classname="com.Ecommerce.Option2.CheckOutFunctionality" name="EnterCustomerDetails" time="4.261"/>
  <testcase classname="com.Ecommerce.Option2.CheckOutFunctionality" name="ClickContinue" time="5.071"/>
  <testcase classname="com.Ecommerce.Option2.CheckOutFunctionality" name="ItemTotal" time="0.027"/>
  <testcase classname="com.Ecommerce.Option2.CheckOutFunctionality" name="FinishOrder" time="2.065"/>
  <testcase classname="com.Ecommerce.Option2.CheckOutFunctionality" name="orderConfirmation" time="2.036"/>
  <testcase classname="com.Ecommerce.Option2.CheckOutFunctionality" name="QuitBrowser" time="0.662"/>
</testsuite> <!-- Default test -->
