<?xml version="1.0" encoding="UTF-8"?>
<!-- Generated by org.testng.reporters.JUnitXMLReporter -->
<testsuite ignored="0" hostname="DESKTOP-81HAE9R" failures="0" tests="7" name="Test1" time="26.59" errors="0" timestamp="16 Oct 2021 23:05:57 GMT">
  <testcase classname="com.Ecommerce.Option2.CheckOutFunctionality" name="openAppilication" time="3.393"/>
  <testcase classname="com.Ecommerce.Option2.CheckOutFunctionality" name="EnterUsername" time="0.117"/>
  <testcase classname="com.Ecommerce.Option2.CheckOutFunctionality" name="EnterPassword" time="5.089"/>
  <testcase classname="com.Ecommerce.Option2.CheckOutFunctionality" name="clickLogin" time="5.121"/>
  <testcase classname="com.Ecommerce.Option2.CheckOutFunctionality" name="AddTshirttoCart" time="7.099"/>
  <testcase classname="com.Ecommerce.Option2.CheckOutFunctionality" name="AddBackpacktoCart" time="5.058"/>
  <testcase classname="com.Ecommerce.Option2.CheckOutFunctionality" name="QuitBrowser" time="0.664"/>
</testsuite> <!-- Test1 -->
